<?xml version="1.0" encoding="UTF-8"?>
<!-- Generated by org.testng.reporters.JUnitReportReporter -->
<testsuite hostname="DESKTOP-BU65H8M" failures="0" tests="1" name="com.test.Runner" time="0.793" errors="0" timestamp="26 May 2021 02:03:22 GMT" skipped="0">
  <testcase classname="com.test.Runner" name="runScenario" time="0.793"/>
</testsuite> <!-- com.test.Runner -->
